0 info it worked if it ends with ok
1 verbose cli [ 'node', '/usr/local/bin/npm', 'publish' ]
2 info using npm@2.7.4
3 info using node@v0.12.2
4 verbose publish [ '.' ]
5 silly cache add args [ '.', null ]
6 verbose cache add spec .
7 silly cache add parsed spec { raw: '.',
7 silly cache add   scope: null,
7 silly cache add   name: null,
7 silly cache add   rawSpec: '.',
7 silly cache add   spec: '/Users/nredmond/Documents/OperationDashboard/jenkins-client-helper',
7 silly cache add   type: 'directory' }
8 verbose addLocalDirectory /Users/nredmond/.npm/jenkins-client-helper/1.0.74/package.tgz not in flight; packing
9 verbose tar pack [ '/Users/nredmond/.npm/jenkins-client-helper/1.0.74/package.tgz',
9 verbose tar pack   '/Users/nredmond/Documents/OperationDashboard/jenkins-client-helper' ]
10 verbose tarball /Users/nredmond/.npm/jenkins-client-helper/1.0.74/package.tgz
11 verbose folder /Users/nredmond/Documents/OperationDashboard/jenkins-client-helper
12 info prepublish jenkins-client-helper@1.0.74
13 verbose addLocalTarball adding from inside cache /Users/nredmond/.npm/jenkins-client-helper/1.0.74/package.tgz
14 silly cache afterAdd jenkins-client-helper@1.0.74
15 verbose afterAdd /Users/nredmond/.npm/jenkins-client-helper/1.0.74/package/package.json not in flight; writing
16 verbose afterAdd /Users/nredmond/.npm/jenkins-client-helper/1.0.74/package/package.json written
17 silly publish { name: 'jenkins-client-helper',
17 silly publish   version: '1.0.74',
17 silly publish   description: 'Provides helper methods for interacting with the Jenkins API',
17 silly publish   main: 'index.js',
17 silly publish   scripts: { test: 'echo "Error: no test specified" && exit 1' },
17 silly publish   repository:
17 silly publish    { type: 'git',
17 silly publish      url: 'https://github.com/nickredmond/jenkins-client-helper.git' },
17 silly publish   keywords: [ 'jenkins' ],
17 silly publish   author: { name: 'nredmond' },
17 silly publish   license: 'ISC',
17 silly publish   dependencies: { http: '~0.0.0', q: '~1.4.1' },
17 silly publish   bugs: { url: 'https://github.com/nickredmond/jenkins-client-helper/issues' },
17 silly publish   homepage: 'https://github.com/nickredmond/jenkins-client-helper',
17 silly publish   devDependencies: {},
17 silly publish   readme: '# jenkins-client-helper\n',
17 silly publish   readmeFilename: 'README.md',
17 silly publish   gitHead: 'c8a6036790eb35040251e9df874682ab24207fa8',
17 silly publish   _id: 'jenkins-client-helper@1.0.74',
17 silly publish   _shasum: 'df40a4bda64d8ec9ce601c80066ca52426e5f16c',
17 silly publish   _from: '.' }
18 silly mapToRegistry name jenkins-client-helper
19 silly mapToRegistry using default registry
20 silly mapToRegistry registry https://registry.npmjs.org/
21 silly mapToRegistry uri https://registry.npmjs.org/jenkins-client-helper
22 verbose publish registryBase https://registry.npmjs.org/
23 silly publish uploading /Users/nredmond/.npm/jenkins-client-helper/1.0.74/package.tgz
24 verbose request uri https://registry.npmjs.org/jenkins-client-helper
25 verbose request sending authorization for write operation
26 info attempt registry request try #1 at 1:04:21 PM
27 verbose request using bearer token for auth
28 verbose request id 96f36bebbbd6e4d9
29 http request PUT https://registry.npmjs.org/jenkins-client-helper
30 http 403 https://registry.npmjs.org/jenkins-client-helper
31 verbose headers { 'content-type': 'application/json',
31 verbose headers   'cache-control': 'max-age=60',
31 verbose headers   'content-length': '96',
31 verbose headers   'accept-ranges': 'bytes',
31 verbose headers   date: 'Wed, 20 May 2015 19:04:21 GMT',
31 verbose headers   via: '1.1 varnish',
31 verbose headers   connection: 'keep-alive',
31 verbose headers   'x-served-by': 'cache-lax1431-LAX',
31 verbose headers   'x-cache': 'MISS',
31 verbose headers   'x-cache-hits': '0',
31 verbose headers   'x-timer': 'S1432148661.387561,VS0,VE204' }
32 verbose request invalidating /Users/nredmond/.npm/registry.npmjs.org/jenkins-client-helper on PUT
33 error publish Failed PUT 403
34 verbose stack Error: "You cannot publish over the previously published version 1.0.74." : jenkins-client-helper
34 verbose stack     at CachingRegistryClient.<anonymous> (/usr/local/lib/node_modules/npm/node_modules/npm-registry-client/lib/request.js:247:14)
34 verbose stack     at Request._callback (/usr/local/lib/node_modules/npm/node_modules/npm-registry-client/lib/request.js:170:14)
34 verbose stack     at Request.self.callback (/usr/local/lib/node_modules/npm/node_modules/request/request.js:344:22)
34 verbose stack     at Request.emit (events.js:110:17)
34 verbose stack     at Request.<anonymous> (/usr/local/lib/node_modules/npm/node_modules/request/request.js:1239:14)
34 verbose stack     at Request.emit (events.js:129:20)
34 verbose stack     at IncomingMessage.<anonymous> (/usr/local/lib/node_modules/npm/node_modules/request/request.js:1187:12)
34 verbose stack     at IncomingMessage.emit (events.js:129:20)
34 verbose stack     at _stream_readable.js:908:16
34 verbose stack     at process._tickCallback (node.js:355:11)
35 verbose statusCode 403
36 verbose pkgid jenkins-client-helper
37 verbose cwd /Users/nredmond/Documents/OperationDashboard/jenkins-client-helper
38 error Darwin 14.3.0
39 error argv "node" "/usr/local/bin/npm" "publish"
40 error node v0.12.2
41 error npm  v2.7.4
42 error code E403
43 error "You cannot publish over the previously published version 1.0.74." : jenkins-client-helper
44 error If you need help, you may report this error at:
44 error     <https://github.com/npm/npm/issues>
45 verbose exit [ 1, true ]
